CRITICAL - 2022-03-28 11:46:20 --> Call to a member function move() on null
#0 /home/u1553325/public_html/pmb/vendor/codeigniter4/framework/system/CodeIgniter.php(825): App\Controllers\Pendaftar->add()
#1 /home/u1553325/public_html/pmb/vendor/codeigniter4/framework/system/CodeIgniter.php(412): CodeIgniter\CodeIgniter->runController(Object(App\Controllers\Pendaftar))
#2 /home/u1553325/public_html/pmb/vendor/codeigniter4/framework/system/CodeIgniter.php(320): CodeIgniter\CodeIgniter->handleRequest(NULL, Object(Config\Cache), false)
#3 /home/u1553325/public_html/pmb/public/index.php(37): CodeIgniter\CodeIgniter->run()
#4 {main}
CRITICAL - 2022-03-28 11:46:32 --> Call to a member function move() on null
#0 /home/u1553325/public_html/pmb/vendor/codeigniter4/framework/system/CodeIgniter.php(825): App\Controllers\Pendaftar->add()
#1 /home/u1553325/public_html/pmb/vendor/codeigniter4/framework/system/CodeIgniter.php(412): CodeIgniter\CodeIgniter->runController(Object(App\Controllers\Pendaftar))
#2 /home/u1553325/public_html/pmb/vendor/codeigniter4/framework/system/CodeIgniter.php(320): CodeIgniter\CodeIgniter->handleRequest(NULL, Object(Config\Cache), false)
#3 /home/u1553325/public_html/pmb/public/index.php(37): CodeIgniter\CodeIgniter->run()
#4 {main}
CRITICAL - 2022-03-28 11:52:36 --> Call to a member function move() on null
#0 /home/u1553325/public_html/pmb/vendor/codeigniter4/framework/system/CodeIgniter.php(825): App\Controllers\Pendaftar->add()
#1 /home/u1553325/public_html/pmb/vendor/codeigniter4/framework/system/CodeIgniter.php(412): CodeIgniter\CodeIgniter->runController(Object(App\Controllers\Pendaftar))
#2 /home/u1553325/public_html/pmb/vendor/codeigniter4/framework/system/CodeIgniter.php(320): CodeIgniter\CodeIgniter->handleRequest(NULL, Object(Config\Cache), false)
#3 /home/u1553325/public_html/pmb/public/index.php(37): CodeIgniter\CodeIgniter->run()
#4 {main}
CRITICAL - 2022-03-28 11:52:51 --> Call to a member function move() on null
#0 /home/u1553325/public_html/pmb/vendor/codeigniter4/framework/system/CodeIgniter.php(825): App\Controllers\Pendaftar->add()
#1 /home/u1553325/public_html/pmb/vendor/codeigniter4/framework/system/CodeIgniter.php(412): CodeIgniter\CodeIgniter->runController(Object(App\Controllers\Pendaftar))
#2 /home/u1553325/public_html/pmb/vendor/codeigniter4/framework/system/CodeIgniter.php(320): CodeIgniter\CodeIgniter->handleRequest(NULL, Object(Config\Cache), false)
#3 /home/u1553325/public_html/pmb/public/index.php(37): CodeIgniter\CodeIgniter->run()
#4 {main}
