CRITICAL - 2022-03-04 12:02:23 --> Call to a member function move() on null
#0 /home/u1553325/public_html/pmb/vendor/codeigniter4/framework/system/CodeIgniter.php(825): App\Controllers\Pendaftar->add()
#1 /home/u1553325/public_html/pmb/vendor/codeigniter4/framework/system/CodeIgniter.php(412): CodeIgniter\CodeIgniter->runController(Object(App\Controllers\Pendaftar))
#2 /home/u1553325/public_html/pmb/vendor/codeigniter4/framework/system/CodeIgniter.php(320): CodeIgniter\CodeIgniter->handleRequest(NULL, Object(Config\Cache), false)
#3 /home/u1553325/public_html/pmb/public/index.php(37): CodeIgniter\CodeIgniter->run()
#4 {main}
CRITICAL - 2022-03-04 12:02:38 --> Call to a member function move() on null
#0 /home/u1553325/public_html/pmb/vendor/codeigniter4/framework/system/CodeIgniter.php(825): App\Controllers\Pendaftar->add()
#1 /home/u1553325/public_html/pmb/vendor/codeigniter4/framework/system/CodeIgniter.php(412): CodeIgniter\CodeIgniter->runController(Object(App\Controllers\Pendaftar))
#2 /home/u1553325/public_html/pmb/vendor/codeigniter4/framework/system/CodeIgniter.php(320): CodeIgniter\CodeIgniter->handleRequest(NULL, Object(Config\Cache), false)
#3 /home/u1553325/public_html/pmb/public/index.php(37): CodeIgniter\CodeIgniter->run()
#4 {main}
CRITICAL - 2022-03-04 12:02:50 --> Call to a member function move() on null
#0 /home/u1553325/public_html/pmb/vendor/codeigniter4/framework/system/CodeIgniter.php(825): App\Controllers\Pendaftar->add()
#1 /home/u1553325/public_html/pmb/vendor/codeigniter4/framework/system/CodeIgniter.php(412): CodeIgniter\CodeIgniter->runController(Object(App\Controllers\Pendaftar))
#2 /home/u1553325/public_html/pmb/vendor/codeigniter4/framework/system/CodeIgniter.php(320): CodeIgniter\CodeIgniter->handleRequest(NULL, Object(Config\Cache), false)
#3 /home/u1553325/public_html/pmb/public/index.php(37): CodeIgniter\CodeIgniter->run()
#4 {main}
CRITICAL - 2022-03-04 12:02:58 --> Call to a member function move() on null
#0 /home/u1553325/public_html/pmb/vendor/codeigniter4/framework/system/CodeIgniter.php(825): App\Controllers\Pendaftar->add()
#1 /home/u1553325/public_html/pmb/vendor/codeigniter4/framework/system/CodeIgniter.php(412): CodeIgniter\CodeIgniter->runController(Object(App\Controllers\Pendaftar))
#2 /home/u1553325/public_html/pmb/vendor/codeigniter4/framework/system/CodeIgniter.php(320): CodeIgniter\CodeIgniter->handleRequest(NULL, Object(Config\Cache), false)
#3 /home/u1553325/public_html/pmb/public/index.php(37): CodeIgniter\CodeIgniter->run()
#4 {main}
CRITICAL - 2022-03-04 12:11:13 --> Call to a member function move() on null
#0 /home/u1553325/public_html/pmb/vendor/codeigniter4/framework/system/CodeIgniter.php(825): App\Controllers\Pendaftar->add()
#1 /home/u1553325/public_html/pmb/vendor/codeigniter4/framework/system/CodeIgniter.php(412): CodeIgniter\CodeIgniter->runController(Object(App\Controllers\Pendaftar))
#2 /home/u1553325/public_html/pmb/vendor/codeigniter4/framework/system/CodeIgniter.php(320): CodeIgniter\CodeIgniter->handleRequest(NULL, Object(Config\Cache), false)
#3 /home/u1553325/public_html/pmb/public/index.php(37): CodeIgniter\CodeIgniter->run()
#4 {main}
CRITICAL - 2022-03-04 12:33:35 --> Call to a member function move() on null
#0 /home/u1553325/public_html/pmb/vendor/codeigniter4/framework/system/CodeIgniter.php(825): App\Controllers\Pendaftar->add()
#1 /home/u1553325/public_html/pmb/vendor/codeigniter4/framework/system/CodeIgniter.php(412): CodeIgniter\CodeIgniter->runController(Object(App\Controllers\Pendaftar))
#2 /home/u1553325/public_html/pmb/vendor/codeigniter4/framework/system/CodeIgniter.php(320): CodeIgniter\CodeIgniter->handleRequest(NULL, Object(Config\Cache), false)
#3 /home/u1553325/public_html/pmb/public/index.php(37): CodeIgniter\CodeIgniter->run()
#4 {main}
CRITICAL - 2022-03-04 12:33:48 --> Call to a member function move() on null
#0 /home/u1553325/public_html/pmb/vendor/codeigniter4/framework/system/CodeIgniter.php(825): App\Controllers\Pendaftar->add()
#1 /home/u1553325/public_html/pmb/vendor/codeigniter4/framework/system/CodeIgniter.php(412): CodeIgniter\CodeIgniter->runController(Object(App\Controllers\Pendaftar))
#2 /home/u1553325/public_html/pmb/vendor/codeigniter4/framework/system/CodeIgniter.php(320): CodeIgniter\CodeIgniter->handleRequest(NULL, Object(Config\Cache), false)
#3 /home/u1553325/public_html/pmb/public/index.php(37): CodeIgniter\CodeIgniter->run()
#4 {main}
CRITICAL - 2022-03-04 12:44:41 --> Call to a member function move() on null
#0 /home/u1553325/public_html/pmb/vendor/codeigniter4/framework/system/CodeIgniter.php(825): App\Controllers\Pendaftar->add()
#1 /home/u1553325/public_html/pmb/vendor/codeigniter4/framework/system/CodeIgniter.php(412): CodeIgniter\CodeIgniter->runController(Object(App\Controllers\Pendaftar))
#2 /home/u1553325/public_html/pmb/vendor/codeigniter4/framework/system/CodeIgniter.php(320): CodeIgniter\CodeIgniter->handleRequest(NULL, Object(Config\Cache), false)
#3 /home/u1553325/public_html/pmb/public/index.php(37): CodeIgniter\CodeIgniter->run()
#4 {main}
CRITICAL - 2022-03-04 12:44:48 --> Call to a member function move() on null
#0 /home/u1553325/public_html/pmb/vendor/codeigniter4/framework/system/CodeIgniter.php(825): App\Controllers\Pendaftar->add()
#1 /home/u1553325/public_html/pmb/vendor/codeigniter4/framework/system/CodeIgniter.php(412): CodeIgniter\CodeIgniter->runController(Object(App\Controllers\Pendaftar))
#2 /home/u1553325/public_html/pmb/vendor/codeigniter4/framework/system/CodeIgniter.php(320): CodeIgniter\CodeIgniter->handleRequest(NULL, Object(Config\Cache), false)
#3 /home/u1553325/public_html/pmb/public/index.php(37): CodeIgniter\CodeIgniter->run()
#4 {main}
CRITICAL - 2022-03-04 12:45:22 --> Call to a member function move() on null
#0 /home/u1553325/public_html/pmb/vendor/codeigniter4/framework/system/CodeIgniter.php(825): App\Controllers\Pendaftar->add()
#1 /home/u1553325/public_html/pmb/vendor/codeigniter4/framework/system/CodeIgniter.php(412): CodeIgniter\CodeIgniter->runController(Object(App\Controllers\Pendaftar))
#2 /home/u1553325/public_html/pmb/vendor/codeigniter4/framework/system/CodeIgniter.php(320): CodeIgniter\CodeIgniter->handleRequest(NULL, Object(Config\Cache), false)
#3 /home/u1553325/public_html/pmb/public/index.php(37): CodeIgniter\CodeIgniter->run()
#4 {main}
CRITICAL - 2022-03-04 12:47:13 --> Call to a member function move() on null
#0 /home/u1553325/public_html/pmb/vendor/codeigniter4/framework/system/CodeIgniter.php(825): App\Controllers\Pendaftar->add()
#1 /home/u1553325/public_html/pmb/vendor/codeigniter4/framework/system/CodeIgniter.php(412): CodeIgniter\CodeIgniter->runController(Object(App\Controllers\Pendaftar))
#2 /home/u1553325/public_html/pmb/vendor/codeigniter4/framework/system/CodeIgniter.php(320): CodeIgniter\CodeIgniter->handleRequest(NULL, Object(Config\Cache), false)
#3 /home/u1553325/public_html/pmb/public/index.php(37): CodeIgniter\CodeIgniter->run()
#4 {main}
CRITICAL - 2022-03-04 12:51:21 --> Call to a member function move() on null
#0 /home/u1553325/public_html/pmb/vendor/codeigniter4/framework/system/CodeIgniter.php(825): App\Controllers\Pendaftar->add()
#1 /home/u1553325/public_html/pmb/vendor/codeigniter4/framework/system/CodeIgniter.php(412): CodeIgniter\CodeIgniter->runController(Object(App\Controllers\Pendaftar))
#2 /home/u1553325/public_html/pmb/vendor/codeigniter4/framework/system/CodeIgniter.php(320): CodeIgniter\CodeIgniter->handleRequest(NULL, Object(Config\Cache), false)
#3 /home/u1553325/public_html/pmb/public/index.php(37): CodeIgniter\CodeIgniter->run()
#4 {main}
CRITICAL - 2022-03-04 12:51:32 --> Call to a member function move() on null
#0 /home/u1553325/public_html/pmb/vendor/codeigniter4/framework/system/CodeIgniter.php(825): App\Controllers\Pendaftar->add()
#1 /home/u1553325/public_html/pmb/vendor/codeigniter4/framework/system/CodeIgniter.php(412): CodeIgniter\CodeIgniter->runController(Object(App\Controllers\Pendaftar))
#2 /home/u1553325/public_html/pmb/vendor/codeigniter4/framework/system/CodeIgniter.php(320): CodeIgniter\CodeIgniter->handleRequest(NULL, Object(Config\Cache), false)
#3 /home/u1553325/public_html/pmb/public/index.php(37): CodeIgniter\CodeIgniter->run()
#4 {main}
CRITICAL - 2022-03-04 12:51:53 --> Call to a member function move() on null
#0 /home/u1553325/public_html/pmb/vendor/codeigniter4/framework/system/CodeIgniter.php(825): App\Controllers\Pendaftar->add()
#1 /home/u1553325/public_html/pmb/vendor/codeigniter4/framework/system/CodeIgniter.php(412): CodeIgniter\CodeIgniter->runController(Object(App\Controllers\Pendaftar))
#2 /home/u1553325/public_html/pmb/vendor/codeigniter4/framework/system/CodeIgniter.php(320): CodeIgniter\CodeIgniter->handleRequest(NULL, Object(Config\Cache), false)
#3 /home/u1553325/public_html/pmb/public/index.php(37): CodeIgniter\CodeIgniter->run()
#4 {main}
CRITICAL - 2022-03-04 13:46:21 --> Call to a member function move() on null
#0 /home/u1553325/public_html/pmb/vendor/codeigniter4/framework/system/CodeIgniter.php(825): App\Controllers\Pendaftar->add()
#1 /home/u1553325/public_html/pmb/vendor/codeigniter4/framework/system/CodeIgniter.php(412): CodeIgniter\CodeIgniter->runController(Object(App\Controllers\Pendaftar))
#2 /home/u1553325/public_html/pmb/vendor/codeigniter4/framework/system/CodeIgniter.php(320): CodeIgniter\CodeIgniter->handleRequest(NULL, Object(Config\Cache), false)
#3 /home/u1553325/public_html/pmb/public/index.php(37): CodeIgniter\CodeIgniter->run()
#4 {main}
