CRITICAL - 2022-02-06 00:42:50 --> Invalid file: partials/head-main.php
#0 /home/u1553325/public_html/pmb/vendor/codeigniter4/framework/system/View/View.php(198): CodeIgniter\Exceptions\FrameworkException::forInvalidFile('partials/head-m...')
#1 /home/u1553325/public_html/pmb/vendor/codeigniter4/framework/system/View/View.php(424): CodeIgniter\View\View->render('partials/head-m...', NULL, true)
#2 /home/u1553325/public_html/pmb/app/Views/panel/auth-recoverpw.php(1): CodeIgniter\View\View->include('partials/head-m...')
#3 /home/u1553325/public_html/pmb/vendor/codeigniter4/framework/system/View/View.php(210): include('/home/u1553325/...')
#4 /home/u1553325/public_html/pmb/vendor/codeigniter4/framework/system/View/View.php(213): CodeIgniter\View\View->CodeIgniter\View\{closure}()
#5 /home/u1553325/public_html/pmb/vendor/codeigniter4/framework/system/Common.php(1089): CodeIgniter\View\View->render('App\\Views\\panel...', Array, true)
#6 /home/u1553325/public_html/pmb/vendor/myth/auth/src/Controllers/AuthController.php(414): view('App\\Views\\panel...', Array)
#7 /home/u1553325/public_html/pmb/vendor/myth/auth/src/Controllers/AuthController.php(225): Myth\Auth\Controllers\AuthController->_render('App\\Views\\panel...', Array)
#8 /home/u1553325/public_html/pmb/vendor/codeigniter4/framework/system/CodeIgniter.php(825): Myth\Auth\Controllers\AuthController->forgotPassword()
#9 /home/u1553325/public_html/pmb/vendor/codeigniter4/framework/system/CodeIgniter.php(412): CodeIgniter\CodeIgniter->runController(Object(Myth\Auth\Controllers\AuthController))
#10 /home/u1553325/public_html/pmb/vendor/codeigniter4/framework/system/CodeIgniter.php(320): CodeIgniter\CodeIgniter->handleRequest(NULL, Object(Config\Cache), false)
#11 /home/u1553325/public_html/pmb/public/index.php(37): CodeIgniter\CodeIgniter->run()
#12 {main}
CRITICAL - 2022-02-06 00:44:17 --> Invalid file: partials/head-main.php
#0 /home/u1553325/public_html/pmb/vendor/codeigniter4/framework/system/View/View.php(198): CodeIgniter\Exceptions\FrameworkException::forInvalidFile('partials/head-m...')
#1 /home/u1553325/public_html/pmb/vendor/codeigniter4/framework/system/View/View.php(424): CodeIgniter\View\View->render('partials/head-m...', NULL, true)
#2 /home/u1553325/public_html/pmb/app/Views/panel/auth-recoverpw.php(1): CodeIgniter\View\View->include('partials/head-m...')
#3 /home/u1553325/public_html/pmb/vendor/codeigniter4/framework/system/View/View.php(210): include('/home/u1553325/...')
#4 /home/u1553325/public_html/pmb/vendor/codeigniter4/framework/system/View/View.php(213): CodeIgniter\View\View->CodeIgniter\View\{closure}()
#5 /home/u1553325/public_html/pmb/vendor/codeigniter4/framework/system/Common.php(1089): CodeIgniter\View\View->render('App\\Views\\panel...', Array, true)
#6 /home/u1553325/public_html/pmb/vendor/myth/auth/src/Controllers/AuthController.php(414): view('App\\Views\\panel...', Array)
#7 /home/u1553325/public_html/pmb/vendor/myth/auth/src/Controllers/AuthController.php(225): Myth\Auth\Controllers\AuthController->_render('App\\Views\\panel...', Array)
#8 /home/u1553325/public_html/pmb/vendor/codeigniter4/framework/system/CodeIgniter.php(825): Myth\Auth\Controllers\AuthController->forgotPassword()
#9 /home/u1553325/public_html/pmb/vendor/codeigniter4/framework/system/CodeIgniter.php(412): CodeIgniter\CodeIgniter->runController(Object(Myth\Auth\Controllers\AuthController))
#10 /home/u1553325/public_html/pmb/vendor/codeigniter4/framework/system/CodeIgniter.php(320): CodeIgniter\CodeIgniter->handleRequest(NULL, Object(Config\Cache), false)
#11 /home/u1553325/public_html/pmb/public/index.php(37): CodeIgniter\CodeIgniter->run()
#12 {main}
CRITICAL - 2022-02-06 00:44:32 --> Invalid file: partials/head-main.php
#0 /home/u1553325/public_html/pmb/vendor/codeigniter4/framework/system/View/View.php(198): CodeIgniter\Exceptions\FrameworkException::forInvalidFile('partials/head-m...')
#1 /home/u1553325/public_html/pmb/vendor/codeigniter4/framework/system/View/View.php(424): CodeIgniter\View\View->render('partials/head-m...', NULL, true)
#2 /home/u1553325/public_html/pmb/app/Views/panel/auth-recoverpw.php(1): CodeIgniter\View\View->include('partials/head-m...')
#3 /home/u1553325/public_html/pmb/vendor/codeigniter4/framework/system/View/View.php(210): include('/home/u1553325/...')
#4 /home/u1553325/public_html/pmb/vendor/codeigniter4/framework/system/View/View.php(213): CodeIgniter\View\View->CodeIgniter\View\{closure}()
#5 /home/u1553325/public_html/pmb/vendor/codeigniter4/framework/system/Common.php(1089): CodeIgniter\View\View->render('App\\Views\\panel...', Array, true)
#6 /home/u1553325/public_html/pmb/vendor/myth/auth/src/Controllers/AuthController.php(414): view('App\\Views\\panel...', Array)
#7 /home/u1553325/public_html/pmb/vendor/myth/auth/src/Controllers/AuthController.php(225): Myth\Auth\Controllers\AuthController->_render('App\\Views\\panel...', Array)
#8 /home/u1553325/public_html/pmb/vendor/codeigniter4/framework/system/CodeIgniter.php(825): Myth\Auth\Controllers\AuthController->forgotPassword()
#9 /home/u1553325/public_html/pmb/vendor/codeigniter4/framework/system/CodeIgniter.php(412): CodeIgniter\CodeIgniter->runController(Object(Myth\Auth\Controllers\AuthController))
#10 /home/u1553325/public_html/pmb/vendor/codeigniter4/framework/system/CodeIgniter.php(320): CodeIgniter\CodeIgniter->handleRequest(NULL, Object(Config\Cache), false)
#11 /home/u1553325/public_html/pmb/public/index.php(37): CodeIgniter\CodeIgniter->run()
#12 {main}
CRITICAL - 2022-02-06 00:49:21 --> Invalid file: partials/head-main.php
#0 /home/u1553325/public_html/pmb/vendor/codeigniter4/framework/system/View/View.php(198): CodeIgniter\Exceptions\FrameworkException::forInvalidFile('partials/head-m...')
#1 /home/u1553325/public_html/pmb/vendor/codeigniter4/framework/system/View/View.php(424): CodeIgniter\View\View->render('partials/head-m...', NULL, true)
#2 /home/u1553325/public_html/pmb/app/Views/panel/auth-recoverpw.php(1): CodeIgniter\View\View->include('partials/head-m...')
#3 /home/u1553325/public_html/pmb/vendor/codeigniter4/framework/system/View/View.php(210): include('/home/u1553325/...')
#4 /home/u1553325/public_html/pmb/vendor/codeigniter4/framework/system/View/View.php(213): CodeIgniter\View\View->CodeIgniter\View\{closure}()
#5 /home/u1553325/public_html/pmb/vendor/codeigniter4/framework/system/Common.php(1089): CodeIgniter\View\View->render('App\\Views\\panel...', Array, true)
#6 /home/u1553325/public_html/pmb/vendor/myth/auth/src/Controllers/AuthController.php(414): view('App\\Views\\panel...', Array)
#7 /home/u1553325/public_html/pmb/vendor/myth/auth/src/Controllers/AuthController.php(225): Myth\Auth\Controllers\AuthController->_render('App\\Views\\panel...', Array)
#8 /home/u1553325/public_html/pmb/vendor/codeigniter4/framework/system/CodeIgniter.php(825): Myth\Auth\Controllers\AuthController->forgotPassword()
#9 /home/u1553325/public_html/pmb/vendor/codeigniter4/framework/system/CodeIgniter.php(412): CodeIgniter\CodeIgniter->runController(Object(Myth\Auth\Controllers\AuthController))
#10 /home/u1553325/public_html/pmb/vendor/codeigniter4/framework/system/CodeIgniter.php(320): CodeIgniter\CodeIgniter->handleRequest(NULL, Object(Config\Cache), false)
#11 /home/u1553325/public_html/pmb/public/index.php(37): CodeIgniter\CodeIgniter->run()
#12 {main}
CRITICAL - 2022-02-06 00:50:09 --> Invalid file: partials/head-main.php
#0 /home/u1553325/public_html/pmb/vendor/codeigniter4/framework/system/View/View.php(198): CodeIgniter\Exceptions\FrameworkException::forInvalidFile('partials/head-m...')
#1 /home/u1553325/public_html/pmb/vendor/codeigniter4/framework/system/View/View.php(424): CodeIgniter\View\View->render('partials/head-m...', NULL, true)
#2 /home/u1553325/public_html/pmb/app/Views/panel/auth-recoverpw.php(1): CodeIgniter\View\View->include('partials/head-m...')
#3 /home/u1553325/public_html/pmb/vendor/codeigniter4/framework/system/View/View.php(210): include('/home/u1553325/...')
#4 /home/u1553325/public_html/pmb/vendor/codeigniter4/framework/system/View/View.php(213): CodeIgniter\View\View->CodeIgniter\View\{closure}()
#5 /home/u1553325/public_html/pmb/vendor/codeigniter4/framework/system/Common.php(1089): CodeIgniter\View\View->render('App\\Views\\panel...', Array, true)
#6 /home/u1553325/public_html/pmb/vendor/myth/auth/src/Controllers/AuthController.php(414): view('App\\Views\\panel...', Array)
#7 /home/u1553325/public_html/pmb/vendor/myth/auth/src/Controllers/AuthController.php(225): Myth\Auth\Controllers\AuthController->_render('App\\Views\\panel...', Array)
#8 /home/u1553325/public_html/pmb/vendor/codeigniter4/framework/system/CodeIgniter.php(825): Myth\Auth\Controllers\AuthController->forgotPassword()
#9 /home/u1553325/public_html/pmb/vendor/codeigniter4/framework/system/CodeIgniter.php(412): CodeIgniter\CodeIgniter->runController(Object(Myth\Auth\Controllers\AuthController))
#10 /home/u1553325/public_html/pmb/vendor/codeigniter4/framework/system/CodeIgniter.php(320): CodeIgniter\CodeIgniter->handleRequest(NULL, Object(Config\Cache), false)
#11 /home/u1553325/public_html/pmb/public/index.php(37): CodeIgniter\CodeIgniter->run()
#12 {main}
CRITICAL - 2022-02-06 02:26:39 --> Invalid file: partials/head-main.php
#0 /home/u1553325/public_html/pmb/vendor/codeigniter4/framework/system/View/View.php(198): CodeIgniter\Exceptions\FrameworkException::forInvalidFile('partials/head-m...')
#1 /home/u1553325/public_html/pmb/vendor/codeigniter4/framework/system/View/View.php(424): CodeIgniter\View\View->render('partials/head-m...', NULL, true)
#2 /home/u1553325/public_html/pmb/app/Views/panel/auth-recoverpw.php(1): CodeIgniter\View\View->include('partials/head-m...')
#3 /home/u1553325/public_html/pmb/vendor/codeigniter4/framework/system/View/View.php(210): include('/home/u1553325/...')
#4 /home/u1553325/public_html/pmb/vendor/codeigniter4/framework/system/View/View.php(213): CodeIgniter\View\View->CodeIgniter\View\{closure}()
#5 /home/u1553325/public_html/pmb/vendor/codeigniter4/framework/system/Common.php(1089): CodeIgniter\View\View->render('App\\Views\\panel...', Array, true)
#6 /home/u1553325/public_html/pmb/vendor/myth/auth/src/Controllers/AuthController.php(414): view('App\\Views\\panel...', Array)
#7 /home/u1553325/public_html/pmb/vendor/myth/auth/src/Controllers/AuthController.php(225): Myth\Auth\Controllers\AuthController->_render('App\\Views\\panel...', Array)
#8 /home/u1553325/public_html/pmb/vendor/codeigniter4/framework/system/CodeIgniter.php(825): Myth\Auth\Controllers\AuthController->forgotPassword()
#9 /home/u1553325/public_html/pmb/vendor/codeigniter4/framework/system/CodeIgniter.php(412): CodeIgniter\CodeIgniter->runController(Object(Myth\Auth\Controllers\AuthController))
#10 /home/u1553325/public_html/pmb/vendor/codeigniter4/framework/system/CodeIgniter.php(320): CodeIgniter\CodeIgniter->handleRequest(NULL, Object(Config\Cache), false)
#11 /home/u1553325/public_html/pmb/public/index.php(37): CodeIgniter\CodeIgniter->run()
#12 {main}
CRITICAL - 2022-02-06 19:14:25 --> Invalid file: partials/head-main.php
#0 /home/u1553325/public_html/pmb/vendor/codeigniter4/framework/system/View/View.php(198): CodeIgniter\Exceptions\FrameworkException::forInvalidFile('partials/head-m...')
#1 /home/u1553325/public_html/pmb/vendor/codeigniter4/framework/system/View/View.php(424): CodeIgniter\View\View->render('partials/head-m...', NULL, true)
#2 /home/u1553325/public_html/pmb/app/Views/panel/auth-recoverpw.php(1): CodeIgniter\View\View->include('partials/head-m...')
#3 /home/u1553325/public_html/pmb/vendor/codeigniter4/framework/system/View/View.php(210): include('/home/u1553325/...')
#4 /home/u1553325/public_html/pmb/vendor/codeigniter4/framework/system/View/View.php(213): CodeIgniter\View\View->CodeIgniter\View\{closure}()
#5 /home/u1553325/public_html/pmb/vendor/codeigniter4/framework/system/Common.php(1089): CodeIgniter\View\View->render('App\\Views\\panel...', Array, true)
#6 /home/u1553325/public_html/pmb/vendor/myth/auth/src/Controllers/AuthController.php(414): view('App\\Views\\panel...', Array)
#7 /home/u1553325/public_html/pmb/vendor/myth/auth/src/Controllers/AuthController.php(225): Myth\Auth\Controllers\AuthController->_render('App\\Views\\panel...', Array)
#8 /home/u1553325/public_html/pmb/vendor/codeigniter4/framework/system/CodeIgniter.php(825): Myth\Auth\Controllers\AuthController->forgotPassword()
#9 /home/u1553325/public_html/pmb/vendor/codeigniter4/framework/system/CodeIgniter.php(412): CodeIgniter\CodeIgniter->runController(Object(Myth\Auth\Controllers\AuthController))
#10 /home/u1553325/public_html/pmb/vendor/codeigniter4/framework/system/CodeIgniter.php(320): CodeIgniter\CodeIgniter->handleRequest(NULL, Object(Config\Cache), false)
#11 /home/u1553325/public_html/pmb/public/index.php(37): CodeIgniter\CodeIgniter->run()
#12 {main}
CRITICAL - 2022-02-06 20:13:01 --> Invalid file: partials/head-main.php
#0 /home/u1553325/public_html/pmb/vendor/codeigniter4/framework/system/View/View.php(198): CodeIgniter\Exceptions\FrameworkException::forInvalidFile('partials/head-m...')
#1 /home/u1553325/public_html/pmb/vendor/codeigniter4/framework/system/View/View.php(424): CodeIgniter\View\View->render('partials/head-m...', NULL, true)
#2 /home/u1553325/public_html/pmb/app/Views/panel/auth-recoverpw.php(1): CodeIgniter\View\View->include('partials/head-m...')
#3 /home/u1553325/public_html/pmb/vendor/codeigniter4/framework/system/View/View.php(210): include('/home/u1553325/...')
#4 /home/u1553325/public_html/pmb/vendor/codeigniter4/framework/system/View/View.php(213): CodeIgniter\View\View->CodeIgniter\View\{closure}()
#5 /home/u1553325/public_html/pmb/vendor/codeigniter4/framework/system/Common.php(1089): CodeIgniter\View\View->render('App\\Views\\panel...', Array, true)
#6 /home/u1553325/public_html/pmb/vendor/myth/auth/src/Controllers/AuthController.php(414): view('App\\Views\\panel...', Array)
#7 /home/u1553325/public_html/pmb/vendor/myth/auth/src/Controllers/AuthController.php(225): Myth\Auth\Controllers\AuthController->_render('App\\Views\\panel...', Array)
#8 /home/u1553325/public_html/pmb/vendor/codeigniter4/framework/system/CodeIgniter.php(825): Myth\Auth\Controllers\AuthController->forgotPassword()
#9 /home/u1553325/public_html/pmb/vendor/codeigniter4/framework/system/CodeIgniter.php(412): CodeIgniter\CodeIgniter->runController(Object(Myth\Auth\Controllers\AuthController))
#10 /home/u1553325/public_html/pmb/vendor/codeigniter4/framework/system/CodeIgniter.php(320): CodeIgniter\CodeIgniter->handleRequest(NULL, Object(Config\Cache), false)
#11 /home/u1553325/public_html/pmb/public/index.php(37): CodeIgniter\CodeIgniter->run()
#12 {main}
CRITICAL - 2022-02-06 20:13:23 --> Invalid file: partials/head-main.php
#0 /home/u1553325/public_html/pmb/vendor/codeigniter4/framework/system/View/View.php(198): CodeIgniter\Exceptions\FrameworkException::forInvalidFile('partials/head-m...')
#1 /home/u1553325/public_html/pmb/vendor/codeigniter4/framework/system/View/View.php(424): CodeIgniter\View\View->render('partials/head-m...', NULL, true)
#2 /home/u1553325/public_html/pmb/app/Views/panel/auth-recoverpw.php(1): CodeIgniter\View\View->include('partials/head-m...')
#3 /home/u1553325/public_html/pmb/vendor/codeigniter4/framework/system/View/View.php(210): include('/home/u1553325/...')
#4 /home/u1553325/public_html/pmb/vendor/codeigniter4/framework/system/View/View.php(213): CodeIgniter\View\View->CodeIgniter\View\{closure}()
#5 /home/u1553325/public_html/pmb/vendor/codeigniter4/framework/system/Common.php(1089): CodeIgniter\View\View->render('App\\Views\\panel...', Array, true)
#6 /home/u1553325/public_html/pmb/vendor/myth/auth/src/Controllers/AuthController.php(414): view('App\\Views\\panel...', Array)
#7 /home/u1553325/public_html/pmb/vendor/myth/auth/src/Controllers/AuthController.php(225): Myth\Auth\Controllers\AuthController->_render('App\\Views\\panel...', Array)
#8 /home/u1553325/public_html/pmb/vendor/codeigniter4/framework/system/CodeIgniter.php(825): Myth\Auth\Controllers\AuthController->forgotPassword()
#9 /home/u1553325/public_html/pmb/vendor/codeigniter4/framework/system/CodeIgniter.php(412): CodeIgniter\CodeIgniter->runController(Object(Myth\Auth\Controllers\AuthController))
#10 /home/u1553325/public_html/pmb/vendor/codeigniter4/framework/system/CodeIgniter.php(320): CodeIgniter\CodeIgniter->handleRequest(NULL, Object(Config\Cache), false)
#11 /home/u1553325/public_html/pmb/public/index.php(37): CodeIgniter\CodeIgniter->run()
#12 {main}
CRITICAL - 2022-02-06 21:32:16 --> Call to a member function move() on null
#0 /home/u1553325/public_html/pmb/vendor/codeigniter4/framework/system/CodeIgniter.php(825): App\Controllers\Pendaftar->add()
#1 /home/u1553325/public_html/pmb/vendor/codeigniter4/framework/system/CodeIgniter.php(412): CodeIgniter\CodeIgniter->runController(Object(App\Controllers\Pendaftar))
#2 /home/u1553325/public_html/pmb/vendor/codeigniter4/framework/system/CodeIgniter.php(320): CodeIgniter\CodeIgniter->handleRequest(NULL, Object(Config\Cache), false)
#3 /home/u1553325/public_html/pmb/public/index.php(37): CodeIgniter\CodeIgniter->run()
#4 {main}
CRITICAL - 2022-02-06 21:32:26 --> Call to a member function move() on null
#0 /home/u1553325/public_html/pmb/vendor/codeigniter4/framework/system/CodeIgniter.php(825): App\Controllers\Pendaftar->add()
#1 /home/u1553325/public_html/pmb/vendor/codeigniter4/framework/system/CodeIgniter.php(412): CodeIgniter\CodeIgniter->runController(Object(App\Controllers\Pendaftar))
#2 /home/u1553325/public_html/pmb/vendor/codeigniter4/framework/system/CodeIgniter.php(320): CodeIgniter\CodeIgniter->handleRequest(NULL, Object(Config\Cache), false)
#3 /home/u1553325/public_html/pmb/public/index.php(37): CodeIgniter\CodeIgniter->run()
#4 {main}
CRITICAL - 2022-02-06 21:32:46 --> Call to a member function move() on null
#0 /home/u1553325/public_html/pmb/vendor/codeigniter4/framework/system/CodeIgniter.php(825): App\Controllers\Pendaftar->add()
#1 /home/u1553325/public_html/pmb/vendor/codeigniter4/framework/system/CodeIgniter.php(412): CodeIgniter\CodeIgniter->runController(Object(App\Controllers\Pendaftar))
#2 /home/u1553325/public_html/pmb/vendor/codeigniter4/framework/system/CodeIgniter.php(320): CodeIgniter\CodeIgniter->handleRequest(NULL, Object(Config\Cache), false)
#3 /home/u1553325/public_html/pmb/public/index.php(37): CodeIgniter\CodeIgniter->run()
#4 {main}
CRITICAL - 2022-02-06 21:32:54 --> Call to a member function move() on null
#0 /home/u1553325/public_html/pmb/vendor/codeigniter4/framework/system/CodeIgniter.php(825): App\Controllers\Pendaftar->add()
#1 /home/u1553325/public_html/pmb/vendor/codeigniter4/framework/system/CodeIgniter.php(412): CodeIgniter\CodeIgniter->runController(Object(App\Controllers\Pendaftar))
#2 /home/u1553325/public_html/pmb/vendor/codeigniter4/framework/system/CodeIgniter.php(320): CodeIgniter\CodeIgniter->handleRequest(NULL, Object(Config\Cache), false)
#3 /home/u1553325/public_html/pmb/public/index.php(37): CodeIgniter\CodeIgniter->run()
#4 {main}
CRITICAL - 2022-02-06 21:33:02 --> Call to a member function move() on null
#0 /home/u1553325/public_html/pmb/vendor/codeigniter4/framework/system/CodeIgniter.php(825): App\Controllers\Pendaftar->add()
#1 /home/u1553325/public_html/pmb/vendor/codeigniter4/framework/system/CodeIgniter.php(412): CodeIgniter\CodeIgniter->runController(Object(App\Controllers\Pendaftar))
#2 /home/u1553325/public_html/pmb/vendor/codeigniter4/framework/system/CodeIgniter.php(320): CodeIgniter\CodeIgniter->handleRequest(NULL, Object(Config\Cache), false)
#3 /home/u1553325/public_html/pmb/public/index.php(37): CodeIgniter\CodeIgniter->run()
#4 {main}
CRITICAL - 2022-02-06 21:33:36 --> Call to a member function move() on null
#0 /home/u1553325/public_html/pmb/vendor/codeigniter4/framework/system/CodeIgniter.php(825): App\Controllers\Pendaftar->add()
#1 /home/u1553325/public_html/pmb/vendor/codeigniter4/framework/system/CodeIgniter.php(412): CodeIgniter\CodeIgniter->runController(Object(App\Controllers\Pendaftar))
#2 /home/u1553325/public_html/pmb/vendor/codeigniter4/framework/system/CodeIgniter.php(320): CodeIgniter\CodeIgniter->handleRequest(NULL, Object(Config\Cache), false)
#3 /home/u1553325/public_html/pmb/public/index.php(37): CodeIgniter\CodeIgniter->run()
#4 {main}
CRITICAL - 2022-02-06 21:33:41 --> Call to a member function move() on null
#0 /home/u1553325/public_html/pmb/vendor/codeigniter4/framework/system/CodeIgniter.php(825): App\Controllers\Pendaftar->add()
#1 /home/u1553325/public_html/pmb/vendor/codeigniter4/framework/system/CodeIgniter.php(412): CodeIgniter\CodeIgniter->runController(Object(App\Controllers\Pendaftar))
#2 /home/u1553325/public_html/pmb/vendor/codeigniter4/framework/system/CodeIgniter.php(320): CodeIgniter\CodeIgniter->handleRequest(NULL, Object(Config\Cache), false)
#3 /home/u1553325/public_html/pmb/public/index.php(37): CodeIgniter\CodeIgniter->run()
#4 {main}
CRITICAL - 2022-02-06 21:38:40 --> Call to a member function move() on null
#0 /home/u1553325/public_html/pmb/vendor/codeigniter4/framework/system/CodeIgniter.php(825): App\Controllers\Pendaftar->add()
#1 /home/u1553325/public_html/pmb/vendor/codeigniter4/framework/system/CodeIgniter.php(412): CodeIgniter\CodeIgniter->runController(Object(App\Controllers\Pendaftar))
#2 /home/u1553325/public_html/pmb/vendor/codeigniter4/framework/system/CodeIgniter.php(320): CodeIgniter\CodeIgniter->handleRequest(NULL, Object(Config\Cache), false)
#3 /home/u1553325/public_html/pmb/public/index.php(37): CodeIgniter\CodeIgniter->run()
#4 {main}
CRITICAL - 2022-02-06 21:39:09 --> Call to a member function move() on null
#0 /home/u1553325/public_html/pmb/vendor/codeigniter4/framework/system/CodeIgniter.php(825): App\Controllers\Pendaftar->add()
#1 /home/u1553325/public_html/pmb/vendor/codeigniter4/framework/system/CodeIgniter.php(412): CodeIgniter\CodeIgniter->runController(Object(App\Controllers\Pendaftar))
#2 /home/u1553325/public_html/pmb/vendor/codeigniter4/framework/system/CodeIgniter.php(320): CodeIgniter\CodeIgniter->handleRequest(NULL, Object(Config\Cache), false)
#3 /home/u1553325/public_html/pmb/public/index.php(37): CodeIgniter\CodeIgniter->run()
#4 {main}
CRITICAL - 2022-02-06 21:39:14 --> Call to a member function move() on null
#0 /home/u1553325/public_html/pmb/vendor/codeigniter4/framework/system/CodeIgniter.php(825): App\Controllers\Pendaftar->add()
#1 /home/u1553325/public_html/pmb/vendor/codeigniter4/framework/system/CodeIgniter.php(412): CodeIgniter\CodeIgniter->runController(Object(App\Controllers\Pendaftar))
#2 /home/u1553325/public_html/pmb/vendor/codeigniter4/framework/system/CodeIgniter.php(320): CodeIgniter\CodeIgniter->handleRequest(NULL, Object(Config\Cache), false)
#3 /home/u1553325/public_html/pmb/public/index.php(37): CodeIgniter\CodeIgniter->run()
#4 {main}
CRITICAL - 2022-02-06 21:45:53 --> Call to a member function move() on null
#0 /home/u1553325/public_html/pmb/vendor/codeigniter4/framework/system/CodeIgniter.php(825): App\Controllers\Pendaftar->add()
#1 /home/u1553325/public_html/pmb/vendor/codeigniter4/framework/system/CodeIgniter.php(412): CodeIgniter\CodeIgniter->runController(Object(App\Controllers\Pendaftar))
#2 /home/u1553325/public_html/pmb/vendor/codeigniter4/framework/system/CodeIgniter.php(320): CodeIgniter\CodeIgniter->handleRequest(NULL, Object(Config\Cache), false)
#3 /home/u1553325/public_html/pmb/public/index.php(37): CodeIgniter\CodeIgniter->run()
#4 {main}
CRITICAL - 2022-02-06 21:46:01 --> Call to a member function move() on null
#0 /home/u1553325/public_html/pmb/vendor/codeigniter4/framework/system/CodeIgniter.php(825): App\Controllers\Pendaftar->add()
#1 /home/u1553325/public_html/pmb/vendor/codeigniter4/framework/system/CodeIgniter.php(412): CodeIgniter\CodeIgniter->runController(Object(App\Controllers\Pendaftar))
#2 /home/u1553325/public_html/pmb/vendor/codeigniter4/framework/system/CodeIgniter.php(320): CodeIgniter\CodeIgniter->handleRequest(NULL, Object(Config\Cache), false)
#3 /home/u1553325/public_html/pmb/public/index.php(37): CodeIgniter\CodeIgniter->run()
#4 {main}
