CRITICAL - 2022-01-24 06:36:47 --> Trying to get property 'id' of non-object
#0 /home/u1553325/public_html/pmb/app/Controllers/Pembayaran.php(164): CodeIgniter\Debug\Exceptions->errorHandler(8, 'Trying to get p...', '/home/u1553325/...', 164, Array)
#1 /home/u1553325/public_html/pmb/vendor/codeigniter4/framework/system/CodeIgniter.php(825): App\Controllers\Pembayaran->notifikasi()
#2 /home/u1553325/public_html/pmb/vendor/codeigniter4/framework/system/CodeIgniter.php(412): CodeIgniter\CodeIgniter->runController(Object(App\Controllers\Pembayaran))
#3 /home/u1553325/public_html/pmb/vendor/codeigniter4/framework/system/CodeIgniter.php(320): CodeIgniter\CodeIgniter->handleRequest(NULL, Object(Config\Cache), false)
#4 /home/u1553325/public_html/pmb/public/index.php(37): CodeIgniter\CodeIgniter->run()
#5 {main}
CRITICAL - 2022-01-24 06:37:10 --> Trying to get property 'id' of non-object
#0 /home/u1553325/public_html/pmb/app/Controllers/Pembayaran.php(164): CodeIgniter\Debug\Exceptions->errorHandler(8, 'Trying to get p...', '/home/u1553325/...', 164, Array)
#1 /home/u1553325/public_html/pmb/vendor/codeigniter4/framework/system/CodeIgniter.php(825): App\Controllers\Pembayaran->notifikasi()
#2 /home/u1553325/public_html/pmb/vendor/codeigniter4/framework/system/CodeIgniter.php(412): CodeIgniter\CodeIgniter->runController(Object(App\Controllers\Pembayaran))
#3 /home/u1553325/public_html/pmb/vendor/codeigniter4/framework/system/CodeIgniter.php(320): CodeIgniter\CodeIgniter->handleRequest(NULL, Object(Config\Cache), false)
#4 /home/u1553325/public_html/pmb/public/index.php(37): CodeIgniter\CodeIgniter->run()
#5 {main}
CRITICAL - 2022-01-24 06:38:06 --> Trying to get property 'id' of non-object
#0 /home/u1553325/public_html/pmb/app/Controllers/Pembayaran.php(164): CodeIgniter\Debug\Exceptions->errorHandler(8, 'Trying to get p...', '/home/u1553325/...', 164, Array)
#1 /home/u1553325/public_html/pmb/vendor/codeigniter4/framework/system/CodeIgniter.php(825): App\Controllers\Pembayaran->notifikasi()
#2 /home/u1553325/public_html/pmb/vendor/codeigniter4/framework/system/CodeIgniter.php(412): CodeIgniter\CodeIgniter->runController(Object(App\Controllers\Pembayaran))
#3 /home/u1553325/public_html/pmb/vendor/codeigniter4/framework/system/CodeIgniter.php(320): CodeIgniter\CodeIgniter->handleRequest(NULL, Object(Config\Cache), false)
#4 /home/u1553325/public_html/pmb/public/index.php(37): CodeIgniter\CodeIgniter->run()
#5 {main}
CRITICAL - 2022-01-24 08:26:17 --> Trying to get property 'id' of non-object
#0 /home/u1553325/public_html/pmb/app/Controllers/Pembayaran.php(164): CodeIgniter\Debug\Exceptions->errorHandler(8, 'Trying to get p...', '/home/u1553325/...', 164, Array)
#1 /home/u1553325/public_html/pmb/vendor/codeigniter4/framework/system/CodeIgniter.php(825): App\Controllers\Pembayaran->notifikasi()
#2 /home/u1553325/public_html/pmb/vendor/codeigniter4/framework/system/CodeIgniter.php(412): CodeIgniter\CodeIgniter->runController(Object(App\Controllers\Pembayaran))
#3 /home/u1553325/public_html/pmb/vendor/codeigniter4/framework/system/CodeIgniter.php(320): CodeIgniter\CodeIgniter->handleRequest(NULL, Object(Config\Cache), false)
#4 /home/u1553325/public_html/pmb/public/index.php(37): CodeIgniter\CodeIgniter->run()
#5 {main}
CRITICAL - 2022-01-24 08:27:27 --> Trying to get property 'id' of non-object
#0 /home/u1553325/public_html/pmb/app/Controllers/Pembayaran.php(164): CodeIgniter\Debug\Exceptions->errorHandler(8, 'Trying to get p...', '/home/u1553325/...', 164, Array)
#1 /home/u1553325/public_html/pmb/vendor/codeigniter4/framework/system/CodeIgniter.php(825): App\Controllers\Pembayaran->notifikasi()
#2 /home/u1553325/public_html/pmb/vendor/codeigniter4/framework/system/CodeIgniter.php(412): CodeIgniter\CodeIgniter->runController(Object(App\Controllers\Pembayaran))
#3 /home/u1553325/public_html/pmb/vendor/codeigniter4/framework/system/CodeIgniter.php(320): CodeIgniter\CodeIgniter->handleRequest(NULL, Object(Config\Cache), false)
#4 /home/u1553325/public_html/pmb/public/index.php(37): CodeIgniter\CodeIgniter->run()
#5 {main}
CRITICAL - 2022-01-24 10:40:18 --> Trying to get property 'id' of non-object
#0 /home/u1553325/public_html/pmb/app/Controllers/Pembayaran.php(164): CodeIgniter\Debug\Exceptions->errorHandler(8, 'Trying to get p...', '/home/u1553325/...', 164, Array)
#1 /home/u1553325/public_html/pmb/vendor/codeigniter4/framework/system/CodeIgniter.php(825): App\Controllers\Pembayaran->notifikasi()
#2 /home/u1553325/public_html/pmb/vendor/codeigniter4/framework/system/CodeIgniter.php(412): CodeIgniter\CodeIgniter->runController(Object(App\Controllers\Pembayaran))
#3 /home/u1553325/public_html/pmb/vendor/codeigniter4/framework/system/CodeIgniter.php(320): CodeIgniter\CodeIgniter->handleRequest(NULL, Object(Config\Cache), false)
#4 /home/u1553325/public_html/pmb/public/index.php(37): CodeIgniter\CodeIgniter->run()
#5 {main}
